  compilation object save succeeded; see C:\Users\ryuzi\Desktop\HAL名古屋3年\GM31\14_sampleSkinMesh\DX11Game\data\shader\AssimpPixel.cso
  compilation object save succeeded; see C:\Users\ryuzi\Desktop\HAL名古屋3年\GM31\14_sampleSkinMesh\DX11Game\data\shader\AssimpVertex.cso
  compilation object save succeeded; see C:\Users\ryuzi\Desktop\HAL名古屋3年\GM31\14_sampleSkinMesh\DX11Game\data\shader\Pixel.cso
  compilation object save succeeded; see C:\Users\ryuzi\Desktop\HAL名古屋3年\GM31\14_sampleSkinMesh\DX11Game\data\shader\Pixel2D.cso
  compilation object save succeeded; see C:\Users\ryuzi\Desktop\HAL名古屋3年\GM31\14_sampleSkinMesh\DX11Game\data\shader\Vertex.cso
  compilation object save succeeded; see C:\Users\ryuzi\Desktop\HAL名古屋3年\GM31\14_sampleSkinMesh\DX11Game\data\shader\Vertex2D.cso
  AssimpModel.cpp
  Camera.cpp
  debugproc.cpp
  field.cpp
  input.cpp
  Light.cpp
  main.cpp
  mesh.cpp
  model.cpp
  polygon.cpp
  Shader.cpp
  Texture.cpp
  コードを生成中...
     ライブラリ C:\Users\ryuzi\Desktop\HAL名古屋3年\GM31\14_sampleSkinMesh\DX11Game\DX11GameD.lib とオブジェクト C:\Users\ryuzi\Desktop\HAL名古屋3年\GM31\14_sampleSkinMesh\DX11Game\DX11GameD.exp を作成中
IrrXMLd.lib(irrXML.obj) : warning LNK4099: PDB 'IrrXML.pdb' が 'IrrXMLd.lib(irrXML.obj)' で、または 'C:\Users\ryuzi\Desktop\HAL名古屋3年\GM31\14_sampleSkinMesh\DX11Game\IrrXML.pdb' に見つかりません。デバッグ情報がないものとして、オブジェクトにリンクします。
zlibstaticd.lib(adler32.obj) : warning LNK4099: PDB 'zlibstatic.pdb' が 'zlibstaticd.lib(adler32.obj)' で、または 'C:\Users\ryuzi\Desktop\HAL名古屋3年\GM31\14_sampleSkinMesh\DX11Game\zlibstatic.pdb' に見つかりません。デバッグ情報がないものとして、オブジェクトにリンクします。
zlibstaticd.lib(crc32.obj) : warning LNK4099: PDB 'zlibstatic.pdb' が 'zlibstaticd.lib(crc32.obj)' で、または 'C:\Users\ryuzi\Desktop\HAL名古屋3年\GM31\14_sampleSkinMesh\DX11Game\zlibstatic.pdb' に見つかりません。デバッグ情報がないものとして、オブジェクトにリンクします。
zlibstaticd.lib(inflate.obj) : warning LNK4099: PDB 'zlibstatic.pdb' が 'zlibstaticd.lib(inflate.obj)' で、または 'C:\Users\ryuzi\Desktop\HAL名古屋3年\GM31\14_sampleSkinMesh\DX11Game\zlibstatic.pdb' に見つかりません。デバッグ情報がないものとして、オブジェクトにリンクします。
zlibstaticd.lib(inftrees.obj) : warning LNK4099: PDB 'zlibstatic.pdb' が 'zlibstaticd.lib(inftrees.obj)' で、または 'C:\Users\ryuzi\Desktop\HAL名古屋3年\GM31\14_sampleSkinMesh\DX11Game\zlibstatic.pdb' に見つかりません。デバッグ情報がないものとして、オブジェクトにリンクします。
zlibstaticd.lib(inffast.obj) : warning LNK4099: PDB 'zlibstatic.pdb' が 'zlibstaticd.lib(inffast.obj)' で、または 'C:\Users\ryuzi\Desktop\HAL名古屋3年\GM31\14_sampleSkinMesh\DX11Game\zlibstatic.pdb' に見つかりません。デバッグ情報がないものとして、オブジェクトにリンクします。
zlibstaticd.lib(uncompr.obj) : warning LNK4099: PDB 'zlibstatic.pdb' が 'zlibstaticd.lib(uncompr.obj)' で、または 'C:\Users\ryuzi\Desktop\HAL名古屋3年\GM31\14_sampleSkinMesh\DX11Game\zlibstatic.pdb' に見つかりません。デバッグ情報がないものとして、オブジェクトにリンクします。
zlibstaticd.lib(zutil.obj) : warning LNK4099: PDB 'zlibstatic.pdb' が 'zlibstaticd.lib(zutil.obj)' で、または 'C:\Users\ryuzi\Desktop\HAL名古屋3年\GM31\14_sampleSkinMesh\DX11Game\zlibstatic.pdb' に見つかりません。デバッグ情報がないものとして、オブジェクトにリンクします。
  DX11Game.vcxproj -> C:\Users\ryuzi\Desktop\HAL名古屋3年\GM31\14_sampleSkinMesh\DX11Game\DX11GameD.exe
